(---------------------------------------------------------------------)
(                                                                     )
(    NC DRILL Log                                                     )
(                                                                     )
(    Drawing          : MY_TEST731_2.brd                              )
(    Software Version : 17.2P019                                      )
(    Date/Time        : Wed Jul 31 16:41:20 2019                      )
(                                                                     )
(---------------------------------------------------------------------)



 Processing NC Parameters file 'nc_param.txt' ...

 NC PARAMETERS
 -------------

 FORMAT   		2.5
 MACHINE-OFFSET		x:0.00000	y:0.00000   (mm)
 FEEDRATE		1
 COORDINATES		ABSOLUTE
 OUTPUT-UNITS		METRIC
 TOOL-ORDER		INCREASING
 REPEAT-CODES		NO
 SUPPRESS-LEAD-ZEROES	NO
 SUPPRESS-TRAIL-ZEROES	NO
 SUPPRESS-EQUAL		NO
 TOOL-SELECT		NO
 HEADER			none
 LEADER			12
 CODE			ASCII
 SEPARATE		NO
 SEPARATE-ROUTING	NO
 OPTIMIZE_DRILLING	NO
 ENHANCED_EXCELLON	NO
 SCALE			1.000000



 Drill files being output to directory 'C:/Users/user/Desktop/work_OrCAD/my_test731_2/allegro/gerber' ...



     'MY_TEST731_2-1-2.drl' created for holes connecting TOP and BOTTOM
     ------------------------------------------------------------------

           Num     Size      +/- Tolerance     Plating   Quantity

            1.   0.3300    0.0000/  0.0000      PLATED         11
            2.   0.6350    0.0000/  0.0000      PLATED          4
            3.   0.9140    0.0000/  0.0000      PLATED         46
            4.   1.0670    0.0000/  0.0000      PLATED         36
            5.   3.1750    0.0000/  0.0000  NON_PLATED          4

     ---- Total holes:                                        101

     ---- Total head travel:              6.85 feet (2.09 meters)

